[28-05-2019 08:06:19] PayPal\Core\PayPalHttpConnection : INFO: POST https://api.sandbox.paypal.com/v1/oauth2/token
[28-05-2019 08:06:20] PayPal\Core\PayPalHttpConnection : INFO: Invalid or no certificate authority found - Retrying using bundled CA certs file
[28-05-2019 08:06:22] PayPal\Core\PayPalHttpConnection : DEBUG: Request Headers 	: POST /v1/oauth2/token HTTP/1.1, Host: api.sandbox.paypal.com, User-Agent: PayPalSDK/PayPal-PHP-SDK 1.14.0 (platform-ver=7.2.10; bit=64; os=Windows_NT_10.0; machine=AMD64; crypto-lib-ver=1.1.0i; curl=7.59.0), Authorization: Basic QVZXdUdlcE9GRDhnd1VlQ1FkeldMUjZSWUY0bDQ1dU42S0NWenc0YmVDRE9tZzZ4cy1aQ0RVM1dBWUlOaTJtYmZCaGdDV0dFNE1SeWlIa1M6RUoyeUsyWkhpejJNM1NXUU9KZDd1TE1GdDl4TWZ1VTdtcGpSN0Z0c2JyblhBWTh5NDdqMFZkcm5sSHNOZklqQ093MWhqaERxb0JXUnoyblE=, Accept: */*, Content-Length: 29, Content-Type: application/x-www-form-urlencoded, , 
[28-05-2019 08:06:22] PayPal\Core\PayPalHttpConnection : DEBUG: Request Data		: grant_type=client_credentials
--------------------------------------------------------------------------------------------------------------------------------

[28-05-2019 08:06:22] PayPal\Core\PayPalHttpConnection : INFO: Response Status 	: 200
[28-05-2019 08:06:22] PayPal\Core\PayPalHttpConnection : DEBUG: Response Headers	: Date: Tue, 28 May 2019 08:06:21 GMT, Server: Apache, paypal-debug-id: 7bb48f8794986, X-PAYPAL-TOKEN-SERVICE: IAAS, HTTP_X_PP_AZ_LOCATOR: sandbox.slc, Paypal-Debug-Id: 7bb48f8794986, Set-Cookie: X-PP-SILOVER=; Expires=Thu, 01 Jan 1970 00:00:01 GMT, Vary: Authorization, Content-Length: 918, Connection: close, Content-Type: application/json, 
[28-05-2019 08:06:22] PayPal\Core\PayPalHttpConnection : DEBUG: Response Data 	: {"scope":"https://uri.paypal.com/services/invoicing https://uri.paypal.com/services/disputes/read-buyer https://uri.paypal.com/services/payments/realtimepayment https://uri.paypal.com/services/disputes/update-seller https://uri.paypal.com/services/payments/payment/authcapture openid https://uri.paypal.com/services/disputes/read-seller https://uri.paypal.com/services/payments/refund https://api.paypal.com/v1/vault/credit-card https://api.paypal.com/v1/payments/.* https://uri.paypal.com/payments/payouts https://api.paypal.com/v1/vault/credit-card/.* https://uri.paypal.com/services/subscriptions https://uri.paypal.com/services/applications/webhooks","access_token":"A21AAHFpf7Sh128w0Jzx5OPhyo629N5AQ_QOlldYuIThhB5GDj7gpt9RdqzMTIE5AuTKtZ9SyALdjdszS2Cyw7vrr8bld8kCw","token_type":"Bearer","app_id":"APP-80W284485P519543T","expires_in":32399,"nonce":"2019-05-28T08:06:21Z1nSQxEi1ZnXyg432ukufsoo_tNGlh_u-sMLtVJRegeg"}

================================================================================================================================

[28-05-2019 08:06:22] PayPal\Core\PayPalHttpConnection : INFO: POST https://api.sandbox.paypal.com/v1/payments/billing-plans/
[28-05-2019 08:06:22] PayPal\Core\PayPalHttpConnection : INFO: Invalid or no certificate authority found - Retrying using bundled CA certs file
[28-05-2019 08:06:25] PayPal\Core\PayPalHttpConnection : DEBUG: Request Headers 	: POST /v1/payments/billing-plans/ HTTP/1.1, Host: api.sandbox.paypal.com, Accept: */*, Content-Type: application/json, User-Agent: PayPalSDK/PayPal-PHP-SDK 1.14.0 (platform-ver=7.2.10; bit=64; os=Windows_NT_10.0; machine=AMD64; crypto-lib-ver=1.1.0i; curl=7.59.0), Authorization: Bearer A21AAHFpf7Sh128w0Jzx5OPhyo629N5AQ_QOlldYuIThhB5GDj7gpt9RdqzMTIE5AuTKtZ9SyALdjdszS2Cyw7vrr8bld8kCw, Content-Length: 595, , 
[28-05-2019 08:06:25] PayPal\Core\PayPalHttpConnection : DEBUG: Request Data		: {"name":"T-Shirt of the Month Club Plan","description":"Template creation.","type":"fixed","payment_definitions":[{"name":"Regular Payments","type":"REGULAR","frequency":"Month","frequency_interval":"2","cycles":"12","amount":{"value":"100","currency":"USD"},"charge_models":[{"type":"SHIPPING","amount":{"value":"10","currency":"USD"}}]}],"merchant_preferences":{"return_url":"http://localhost:8000/processagreement","cancel_url":"http://localhost:8000/cancel","auto_bill_amount":"yes","initial_fail_amount_action":"CONTINUE","max_fail_attempts":"0","setup_fee":{"value":"1","currency":"USD"}}}
--------------------------------------------------------------------------------------------------------------------------------

[28-05-2019 08:06:25] PayPal\Core\PayPalHttpConnection : INFO: Response Status 	: 201
[28-05-2019 08:06:25] PayPal\Core\PayPalHttpConnection : DEBUG: Response Headers	: Date: Tue, 28 May 2019 08:06:24 GMT, Server: Apache, paypal-debug-id: 733b8f542a62c, Content-Language: *, HTTP_X_PP_AZ_LOCATOR: sandbox.slc, Paypal-Debug-Id: 733b8f542a62c, Set-Cookie: X-PP-SILOVER=; Expires=Thu, 01 Jan 1970 00:00:01 GMT, Vary: Authorization, Content-Length: 933, Connection: close, Content-Type: application/json, 
[28-05-2019 08:06:25] PayPal\Core\PayPalHttpConnection : DEBUG: Response Data 	: {"id":"P-1D217270AP004351L7V46CGA","state":"CREATED","name":"T-Shirt of the Month Club Plan","description":"Template creation.","type":"FIXED","payment_definitions":[{"id":"PD-8WV63695N8135631Y7V46CGA","name":"Regular Payments","type":"REGULAR","frequency":"Month","amount":{"currency":"USD","value":"100"},"cycles":"12","charge_models":[{"id":"CHM-6DE54830FE345021G7V46CGA","type":"SHIPPING","amount":{"currency":"USD","value":"10"}}],"frequency_interval":"2"}],"merchant_preferences":{"setup_fee":{"currency":"USD","value":"1"},"max_fail_attempts":"0","return_url":"http://localhost:8000/processagreement","cancel_url":"http://localhost:8000/cancel","auto_bill_amount":"YES","initial_fail_amount_action":"CONTINUE"},"create_time":"2019-05-28T08:06:24.280Z","update_time":"2019-05-28T08:06:24.280Z","links":[{"href":"https://api.sandbox.paypal.com/v1/payments/billing-plans/P-1D217270AP004351L7V46CGA","rel":"self","method":"GET"}]}

================================================================================================================================

[28-05-2019 08:06:25] PayPal\Core\PayPalHttpConnection : INFO: PATCH https://api.sandbox.paypal.com/v1/payments/billing-plans/P-1D217270AP004351L7V46CGA
[28-05-2019 08:06:26] PayPal\Core\PayPalHttpConnection : INFO: Invalid or no certificate authority found - Retrying using bundled CA certs file
[28-05-2019 08:06:29] PayPal\Core\PayPalHttpConnection : DEBUG: Request Headers 	: PATCH /v1/payments/billing-plans/P-1D217270AP004351L7V46CGA HTTP/1.1, Host: api.sandbox.paypal.com, Accept: */*, Content-Type: application/json, User-Agent: PayPalSDK/PayPal-PHP-SDK 1.14.0 (platform-ver=7.2.10; bit=64; os=Windows_NT_10.0; machine=AMD64; crypto-lib-ver=1.1.0i; curl=7.59.0), Authorization: Bearer A21AAHFpf7Sh128w0Jzx5OPhyo629N5AQ_QOlldYuIThhB5GDj7gpt9RdqzMTIE5AuTKtZ9SyALdjdszS2Cyw7vrr8bld8kCw, Content-Length: 56, , 
[28-05-2019 08:06:29] PayPal\Core\PayPalHttpConnection : DEBUG: Request Data		: [{"op":"replace","path":"/","value":{"state":"ACTIVE"}}]
--------------------------------------------------------------------------------------------------------------------------------

[28-05-2019 08:06:29] PayPal\Core\PayPalHttpConnection : INFO: Response Status 	: 200
[28-05-2019 08:06:29] PayPal\Core\PayPalHttpConnection : DEBUG: Response Headers	: Date: Tue, 28 May 2019 08:06:27 GMT, Server: Apache, paypal-debug-id: 99fb9e367dc74, Content-Language: *, HTTP_X_PP_AZ_LOCATOR: sandbox.slc, Paypal-Debug-Id: 99fb9e367dc74, Set-Cookie: X-PP-SILOVER=; Expires=Thu, 01 Jan 1970 00:00:01 GMT, Vary: Authorization, Content-Length: 0, Connection: close, Content-Type: text/plain; charset=ISO-8859-1, 
[28-05-2019 08:06:29] PayPal\Core\PayPalHttpConnection : DEBUG: No Response Body

================================================================================================================================

[28-05-2019 08:06:29] PayPal\Core\PayPalHttpConnection : INFO: GET https://api.sandbox.paypal.com/v1/payments/billing-plans/P-1D217270AP004351L7V46CGA
[28-05-2019 08:06:30] PayPal\Core\PayPalHttpConnection : INFO: Invalid or no certificate authority found - Retrying using bundled CA certs file
[28-05-2019 08:06:33] PayPal\Core\PayPalHttpConnection : DEBUG: Request Headers 	: GET /v1/payments/billing-plans/P-1D217270AP004351L7V46CGA HTTP/1.1, Host: api.sandbox.paypal.com, Accept: */*, Content-Type: application/json, User-Agent: PayPalSDK/PayPal-PHP-SDK 1.14.0 (platform-ver=7.2.10; bit=64; os=Windows_NT_10.0; machine=AMD64; crypto-lib-ver=1.1.0i; curl=7.59.0), Authorization: Bearer A21AAHFpf7Sh128w0Jzx5OPhyo629N5AQ_QOlldYuIThhB5GDj7gpt9RdqzMTIE5AuTKtZ9SyALdjdszS2Cyw7vrr8bld8kCw, , 
[28-05-2019 08:06:33] PayPal\Core\PayPalHttpConnection : DEBUG: No Request Payload
--------------------------------------------------------------------------------------------------------------------------------

[28-05-2019 08:06:33] PayPal\Core\PayPalHttpConnection : INFO: Response Status 	: 200
[28-05-2019 08:06:33] PayPal\Core\PayPalHttpConnection : DEBUG: Response Headers	: Date: Tue, 28 May 2019 08:06:31 GMT, Server: Apache, paypal-debug-id: cff96d0875847, Content-Language: *, HTTP_X_PP_AZ_LOCATOR: sandbox.slc, Paypal-Debug-Id: cff96d0875847, Set-Cookie: X-PP-SILOVER=; Expires=Thu, 01 Jan 1970 00:00:01 GMT, Vary: Authorization, Content-Length: 932, Connection: close, Content-Type: application/json, 
[28-05-2019 08:06:33] PayPal\Core\PayPalHttpConnection : DEBUG: Response Data 	: {"id":"P-1D217270AP004351L7V46CGA","state":"ACTIVE","name":"T-Shirt of the Month Club Plan","description":"Template creation.","type":"FIXED","payment_definitions":[{"id":"PD-8WV63695N8135631Y7V46CGA","name":"Regular Payments","type":"REGULAR","frequency":"Month","amount":{"currency":"USD","value":"100"},"cycles":"12","charge_models":[{"id":"CHM-6DE54830FE345021G7V46CGA","type":"SHIPPING","amount":{"currency":"USD","value":"10"}}],"frequency_interval":"2"}],"merchant_preferences":{"setup_fee":{"currency":"USD","value":"1"},"max_fail_attempts":"0","return_url":"http://localhost:8000/processagreement","cancel_url":"http://localhost:8000/cancel","auto_bill_amount":"YES","initial_fail_amount_action":"CONTINUE"},"create_time":"2019-05-28T08:06:24.280Z","update_time":"2019-05-28T08:06:29.593Z","links":[{"href":"https://api.sandbox.paypal.com/v1/payments/billing-plans/P-1D217270AP004351L7V46CGA","rel":"self","method":"GET"}]}

================================================================================================================================

[28-05-2019 08:08:12] PayPal\Core\PayPalHttpConnection : INFO: POST https://api.sandbox.paypal.com/v1/payments/billing-plans/
[28-05-2019 08:08:12] PayPal\Core\PayPalHttpConnection : INFO: Invalid or no certificate authority found - Retrying using bundled CA certs file
[28-05-2019 08:08:14] PayPal\Core\PayPalHttpConnection : DEBUG: Request Headers 	: POST /v1/payments/billing-plans/ HTTP/1.1, Host: api.sandbox.paypal.com, Accept: */*, Content-Type: application/json, User-Agent: PayPalSDK/PayPal-PHP-SDK 1.14.0 (platform-ver=7.2.10; bit=64; os=Windows_NT_10.0; machine=AMD64; crypto-lib-ver=1.1.0i; curl=7.59.0), Authorization: Bearer A21AAHFpf7Sh128w0Jzx5OPhyo629N5AQ_QOlldYuIThhB5GDj7gpt9RdqzMTIE5AuTKtZ9SyALdjdszS2Cyw7vrr8bld8kCw, Content-Length: 743, , 
[28-05-2019 08:08:14] PayPal\Core\PayPalHttpConnection : DEBUG: Request Data		: {"name":"T-Shirt of the Month Club Plan","description":"Template creation.","type":"fixed","payment_definitions":[{"name":"Regular Payments","type":"REGULAR","frequency":"Month","frequency_interval":"2","cycles":"12","amount":{"value":"100","currency":"USD"},"charge_models":[{"type":"SHIPPING","amount":{"value":"10","currency":"USD"}}]},{"name":"Regular Payments 1","type":"REGULAR","frequency":"Month","frequency_interval":"3","cycles":"12","amount":{"value":"101","currency":"USD"}}],"merchant_preferences":{"return_url":"http://localhost:8000/processagreement","cancel_url":"http://localhost:8000/cancel","auto_bill_amount":"yes","initial_fail_amount_action":"CONTINUE","max_fail_attempts":"0","setup_fee":{"value":"1","currency":"USD"}}}
--------------------------------------------------------------------------------------------------------------------------------

[28-05-2019 08:08:14] PayPal\Core\PayPalHttpConnection : INFO: Response Status 	: 400
[28-05-2019 08:08:14] PayPal\Core\PayPalHttpConnection : DEBUG: Response Headers	: Date: Tue, 28 May 2019 08:08:14 GMT, Server: Apache, paypal-debug-id: d4a9b88e6fd7, Content-Language: *, Connection: close, HTTP_X_PP_AZ_LOCATOR: sandbox.slc, Paypal-Debug-Id: d4a9b88e6fd7, Set-Cookie: X-PP-SILOVER=; Expires=Thu, 01 Jan 1970 00:00:01 GMT, Vary: Authorization, Content-Length: 337, Content-Type: application/json, 
[28-05-2019 08:08:14] PayPal\Core\PayPalHttpConnection : ERROR: Got Http response code 400 when accessing https://api.sandbox.paypal.com/v1/payments/billing-plans/. {"name":"VALIDATION_ERROR","details":[{"field":"payment_definitions","issue":"Payment definitions are invalid. Valid parameters are REGULAR or combination of TRIAL and REGULAR."}],"message":"Invalid request. See details.","information_link":"https://developer.paypal.com/docs/api/payments.billing-plans#errors","debug_id":"d4a9b88e6fd7"}
[28-05-2019 08:08:14] PayPal\Core\PayPalHttpConnection : DEBUG: 

================================================================================================================================

[28-05-2019 08:46:13] PayPal\Core\PayPalHttpConnection : INFO: POST https://api.sandbox.paypal.com/v1/payments/billing-plans/
[28-05-2019 08:46:14] PayPal\Core\PayPalHttpConnection : INFO: Invalid or no certificate authority found - Retrying using bundled CA certs file
[28-05-2019 08:46:15] PayPal\Core\PayPalHttpConnection : DEBUG: Request Headers 	: POST /v1/payments/billing-plans/ HTTP/1.1, Host: api.sandbox.paypal.com, Accept: */*, Content-Type: application/json, User-Agent: PayPalSDK/PayPal-PHP-SDK 1.14.0 (platform-ver=7.2.10; bit=64; os=Windows_NT_10.0; machine=AMD64; crypto-lib-ver=1.1.0i; curl=7.59.0), Authorization: Bearer A21AAHFpf7Sh128w0Jzx5OPhyo629N5AQ_QOlldYuIThhB5GDj7gpt9RdqzMTIE5AuTKtZ9SyALdjdszS2Cyw7vrr8bld8kCw, Content-Length: 743, , 
[28-05-2019 08:46:15] PayPal\Core\PayPalHttpConnection : DEBUG: Request Data		: {"name":"T-Shirt of the Month Club Plan","description":"Template creation.","type":"fixed","payment_definitions":[{"name":"Regular Payments","type":"REGULAR","frequency":"Month","frequency_interval":"2","cycles":"12","amount":{"value":"100","currency":"USD"},"charge_models":[{"type":"SHIPPING","amount":{"value":"10","currency":"USD"}}]},{"name":"Regular Payments 1","type":"REGULAR","frequency":"Month","frequency_interval":"3","cycles":"12","amount":{"value":"101","currency":"USD"}}],"merchant_preferences":{"return_url":"http://localhost:8000/processagreement","cancel_url":"http://localhost:8000/cancel","auto_bill_amount":"yes","initial_fail_amount_action":"CONTINUE","max_fail_attempts":"0","setup_fee":{"value":"1","currency":"USD"}}}
--------------------------------------------------------------------------------------------------------------------------------

[28-05-2019 08:46:15] PayPal\Core\PayPalHttpConnection : INFO: Response Status 	: 400
[28-05-2019 08:46:15] PayPal\Core\PayPalHttpConnection : DEBUG: Response Headers	: Date: Tue, 28 May 2019 08:46:15 GMT, Server: Apache, paypal-debug-id: e7bfa88cb8020, Content-Language: *, Connection: close, HTTP_X_PP_AZ_LOCATOR: sandbox.slc, Paypal-Debug-Id: e7bfa88cb8020, Set-Cookie: X-PP-SILOVER=; Expires=Thu, 01 Jan 1970 00:00:01 GMT, Vary: Authorization, Content-Length: 338, Content-Type: application/json, 
[28-05-2019 08:46:15] PayPal\Core\PayPalHttpConnection : ERROR: Got Http response code 400 when accessing https://api.sandbox.paypal.com/v1/payments/billing-plans/. {"name":"VALIDATION_ERROR","details":[{"field":"payment_definitions","issue":"Payment definitions are invalid. Valid parameters are REGULAR or combination of TRIAL and REGULAR."}],"message":"Invalid request. See details.","information_link":"https://developer.paypal.com/docs/api/payments.billing-plans#errors","debug_id":"e7bfa88cb8020"}
[28-05-2019 08:46:15] PayPal\Core\PayPalHttpConnection : DEBUG: 

================================================================================================================================

[28-05-2019 08:48:40] PayPal\Core\PayPalHttpConnection : INFO: POST https://api.sandbox.paypal.com/v1/payments/billing-plans/
[28-05-2019 08:48:41] PayPal\Core\PayPalHttpConnection : INFO: Invalid or no certificate authority found - Retrying using bundled CA certs file
[28-05-2019 08:48:42] PayPal\Core\PayPalHttpConnection : DEBUG: Request Headers 	: POST /v1/payments/billing-plans/ HTTP/1.1, Host: api.sandbox.paypal.com, Accept: */*, Content-Type: application/json, User-Agent: PayPalSDK/PayPal-PHP-SDK 1.14.0 (platform-ver=7.2.10; bit=64; os=Windows_NT_10.0; machine=AMD64; crypto-lib-ver=1.1.0i; curl=7.59.0), Authorization: Bearer A21AAHFpf7Sh128w0Jzx5OPhyo629N5AQ_QOlldYuIThhB5GDj7gpt9RdqzMTIE5AuTKtZ9SyALdjdszS2Cyw7vrr8bld8kCw, Content-Length: 741, , 
[28-05-2019 08:48:42] PayPal\Core\PayPalHttpConnection : DEBUG: Request Data		: {"name":"T-Shirt of the Month Club Plan","description":"Template creation.","type":"fixed","payment_definitions":[{"name":"Regular Payments","type":"TRIAL","frequency":"Month","frequency_interval":"2","cycles":"12","amount":{"value":"100","currency":"USD"},"charge_models":[{"type":"SHIPPING","amount":{"value":"10","currency":"USD"}}]},{"name":"Regular Payments 1","type":"REGULAR","frequency":"Month","frequency_interval":"3","cycles":"12","amount":{"value":"101","currency":"USD"}}],"merchant_preferences":{"return_url":"http://localhost:8000/processagreement","cancel_url":"http://localhost:8000/cancel","auto_bill_amount":"yes","initial_fail_amount_action":"CONTINUE","max_fail_attempts":"0","setup_fee":{"value":"1","currency":"USD"}}}
--------------------------------------------------------------------------------------------------------------------------------

[28-05-2019 08:48:42] PayPal\Core\PayPalHttpConnection : INFO: Response Status 	: 201
[28-05-2019 08:48:42] PayPal\Core\PayPalHttpConnection : DEBUG: Response Headers	: Date: Tue, 28 May 2019 08:48:42 GMT, Server: Apache, paypal-debug-id: 893a339d54e72, Content-Language: *, HTTP_X_PP_AZ_LOCATOR: sandbox.slc, Paypal-Debug-Id: 893a339d54e72, Set-Cookie: X-PP-SILOVER=; Expires=Thu, 01 Jan 1970 00:00:01 GMT, Vary: Authorization, Content-Length: 1114, Connection: close, Content-Type: application/json, 
[28-05-2019 08:48:42] PayPal\Core\PayPalHttpConnection : DEBUG: Response Data 	: {"id":"P-7NT991611J009202E7WQJXVQ","state":"CREATED","name":"T-Shirt of the Month Club Plan","description":"Template creation.","type":"FIXED","payment_definitions":[{"id":"PD-37C29767SX722282H7WQJXVQ","name":"Regular Payments","type":"TRIAL","frequency":"Month","amount":{"currency":"USD","value":"100"},"cycles":"12","charge_models":[{"id":"CHM-38L92304US288152L7WQJXVQ","type":"SHIPPING","amount":{"currency":"USD","value":"10"}}],"frequency_interval":"2"},{"id":"PD-70R85130AW683190R7WQJXVQ","name":"Regular Payments 1","type":"REGULAR","frequency":"Month","amount":{"currency":"USD","value":"101"},"cycles":"12","frequency_interval":"3"}],"merchant_preferences":{"setup_fee":{"currency":"USD","value":"1"},"max_fail_attempts":"0","return_url":"http://localhost:8000/processagreement","cancel_url":"http://localhost:8000/cancel","auto_bill_amount":"YES","initial_fail_amount_action":"CONTINUE"},"create_time":"2019-05-28T08:48:42.454Z","update_time":"2019-05-28T08:48:42.454Z","links":[{"href":"https://api.sandbox.paypal.com/v1/payments/billing-plans/P-7NT991611J009202E7WQJXVQ","rel":"self","method":"GET"}]}

================================================================================================================================

[28-05-2019 08:48:42] PayPal\Core\PayPalHttpConnection : INFO: PATCH https://api.sandbox.paypal.com/v1/payments/billing-plans/P-7NT991611J009202E7WQJXVQ
[28-05-2019 08:48:43] PayPal\Core\PayPalHttpConnection : INFO: Invalid or no certificate authority found - Retrying using bundled CA certs file
[28-05-2019 08:48:47] PayPal\Core\PayPalHttpConnection : DEBUG: Request Headers 	: PATCH /v1/payments/billing-plans/P-7NT991611J009202E7WQJXVQ HTTP/1.1, Host: api.sandbox.paypal.com, Accept: */*, Content-Type: application/json, User-Agent: PayPalSDK/PayPal-PHP-SDK 1.14.0 (platform-ver=7.2.10; bit=64; os=Windows_NT_10.0; machine=AMD64; crypto-lib-ver=1.1.0i; curl=7.59.0), Authorization: Bearer A21AAHFpf7Sh128w0Jzx5OPhyo629N5AQ_QOlldYuIThhB5GDj7gpt9RdqzMTIE5AuTKtZ9SyALdjdszS2Cyw7vrr8bld8kCw, Content-Length: 56, , 
[28-05-2019 08:48:47] PayPal\Core\PayPalHttpConnection : DEBUG: Request Data		: [{"op":"replace","path":"/","value":{"state":"ACTIVE"}}]
--------------------------------------------------------------------------------------------------------------------------------

[28-05-2019 08:48:47] PayPal\Core\PayPalHttpConnection : INFO: Response Status 	: 200
[28-05-2019 08:48:47] PayPal\Core\PayPalHttpConnection : DEBUG: Response Headers	: Date: Tue, 28 May 2019 08:48:44 GMT, Server: Apache, paypal-debug-id: a3bc7b5462b4c, Content-Language: *, HTTP_X_PP_AZ_LOCATOR: sandbox.slc, Paypal-Debug-Id: a3bc7b5462b4c, Set-Cookie: X-PP-SILOVER=; Expires=Thu, 01 Jan 1970 00:00:01 GMT, Vary: Authorization, Content-Length: 0, Connection: close, Content-Type: text/plain; charset=ISO-8859-1, 
[28-05-2019 08:48:47] PayPal\Core\PayPalHttpConnection : DEBUG: No Response Body

================================================================================================================================

[28-05-2019 08:48:47] PayPal\Core\PayPalHttpConnection : INFO: GET https://api.sandbox.paypal.com/v1/payments/billing-plans/P-7NT991611J009202E7WQJXVQ
[28-05-2019 08:48:48] PayPal\Core\PayPalHttpConnection : INFO: Invalid or no certificate authority found - Retrying using bundled CA certs file
[28-05-2019 08:48:52] PayPal\Core\PayPalHttpConnection : DEBUG: Request Headers 	: GET /v1/payments/billing-plans/P-7NT991611J009202E7WQJXVQ HTTP/1.1, Host: api.sandbox.paypal.com, Accept: */*, Content-Type: application/json, User-Agent: PayPalSDK/PayPal-PHP-SDK 1.14.0 (platform-ver=7.2.10; bit=64; os=Windows_NT_10.0; machine=AMD64; crypto-lib-ver=1.1.0i; curl=7.59.0), Authorization: Bearer A21AAHFpf7Sh128w0Jzx5OPhyo629N5AQ_QOlldYuIThhB5GDj7gpt9RdqzMTIE5AuTKtZ9SyALdjdszS2Cyw7vrr8bld8kCw, , 
[28-05-2019 08:48:52] PayPal\Core\PayPalHttpConnection : DEBUG: No Request Payload
--------------------------------------------------------------------------------------------------------------------------------

[28-05-2019 08:48:52] PayPal\Core\PayPalHttpConnection : INFO: Response Status 	: 200
[28-05-2019 08:48:52] PayPal\Core\PayPalHttpConnection : DEBUG: Response Headers	: Date: Tue, 28 May 2019 08:48:49 GMT, Server: Apache, paypal-debug-id: e12f54f17c785, Content-Language: *, HTTP_X_PP_AZ_LOCATOR: sandbox.slc, Paypal-Debug-Id: e12f54f17c785, Set-Cookie: X-PP-SILOVER=; Expires=Thu, 01 Jan 1970 00:00:01 GMT, Vary: Authorization, Content-Length: 1113, Connection: close, Content-Type: application/json, 
[28-05-2019 08:48:52] PayPal\Core\PayPalHttpConnection : DEBUG: Response Data 	: {"id":"P-7NT991611J009202E7WQJXVQ","state":"ACTIVE","name":"T-Shirt of the Month Club Plan","description":"Template creation.","type":"FIXED","payment_definitions":[{"id":"PD-37C29767SX722282H7WQJXVQ","name":"Regular Payments","type":"TRIAL","frequency":"Month","amount":{"currency":"USD","value":"100"},"cycles":"12","charge_models":[{"id":"CHM-38L92304US288152L7WQJXVQ","type":"SHIPPING","amount":{"currency":"USD","value":"10"}}],"frequency_interval":"2"},{"id":"PD-70R85130AW683190R7WQJXVQ","name":"Regular Payments 1","type":"REGULAR","frequency":"Month","amount":{"currency":"USD","value":"101"},"cycles":"12","frequency_interval":"3"}],"merchant_preferences":{"setup_fee":{"currency":"USD","value":"1"},"max_fail_attempts":"0","return_url":"http://localhost:8000/processagreement","cancel_url":"http://localhost:8000/cancel","auto_bill_amount":"YES","initial_fail_amount_action":"CONTINUE"},"create_time":"2019-05-28T08:48:42.454Z","update_time":"2019-05-28T08:48:47.550Z","links":[{"href":"https://api.sandbox.paypal.com/v1/payments/billing-plans/P-7NT991611J009202E7WQJXVQ","rel":"self","method":"GET"}]}

================================================================================================================================

